<?xml version="1.0" encoding="UTF-8"?>
<!-- Generated by org.testng.reporters.JUnitReportReporter -->
<testsuite hostname="LAPTOP-7C6PVF9U" failures="0" tests="3" name="rahulshettyacademy.tests.SubmitOrderTest" time="39.419" errors="0" timestamp="2025-02-25T14:47:54 PST" skipped="0">
  <testcase classname="rahulshettyacademy.tests.SubmitOrderTest" name="submitOrder" time="14.455"/>
  <testcase classname="rahulshettyacademy.tests.SubmitOrderTest" name="OrderHistoryTest" time="8.464"/>
  <testcase classname="rahulshettyacademy.tests.SubmitOrderTest" name="submitOrder" time="16.500"/>
</testsuite> <!-- rahulshettyacademy.tests.SubmitOrderTest -->
