<?xml version="1.0" encoding="UTF-8"?>
<!-- Generated by org.testng.reporters.JUnitReportReporter -->
<testsuite hostname="LAPTOP-7C6PVF9U" failures="0" tests="1" name="rahulshettyacademy.SubmitOrderTest" time="12.064" errors="0" timestamp="2025-02-11T13:46:26 PST" skipped="0">
  <testcase classname="rahulshettyacademy.SubmitOrderTest" name="addToCartTest" time="12.064"/>
</testsuite> <!-- rahulshettyacademy.SubmitOrderTest -->
