<?xml version="1.0" encoding="UTF-8"?>
<!-- Generated by org.testng.reporters.JUnitReportReporter -->
<testsuite hostname="LAPTOP-7C6PVF9U" failures="0" tests="1" name="cucumber.TestNGTestRunner" time="13.096" errors="0" timestamp="2025-03-05T12:39:56 PST" skipped="0">
  <testcase classname="cucumber.TestNGTestRunner" name="runScenario" time="13.096"/>
</testsuite> <!-- cucumber.TestNGTestRunner -->
