<?xml version="1.0" encoding="UTF-8"?>
<!-- Generated by org.testng.reporters.JUnitReportReporter -->
<testsuite hostname="LAPTOP-7C6PVF9U" failures="0" tests="1" name="rahulshettyacademy.AddToCartPAge" time="12.636" errors="0" timestamp="2025-02-10T16:17:28 PST" skipped="0">
  <testcase classname="rahulshettyacademy.AddToCartPAge" name="addToCartTest" time="12.636"/>
</testsuite> <!-- rahulshettyacademy.AddToCartPAge -->
